#
# There is insufficient memory for the Java Runtime Environment to continue.
# Native memory allocation (malloc) failed to allocate 1048576 bytes for AllocateHeap
# Possible reasons:
#   The system is out of physical RAM or swap space
#   The process is running with CompressedOops enabled, and the Java Heap may be blocking the growth of the native heap
# Possible solutions:
#   Reduce memory load on the system
#   Increase physical memory or swap space
#   Check if swap backing store is full
#   Decrease Java heap size (-Xmx/-Xms)
#   Decrease number of Java threads
#   Decrease Java thread stack sizes (-Xss)
#   Set larger code cache with -XX:ReservedCodeCacheSize=
#   JVM is running with Zero Based Compressed Oops mode in which the Java heap is
#     placed in the first 32GB address space. The Java Heap base address is the
#     maximum limit for the native heap growth. Please use -XX:HeapBaseMinAddress
#     to set the Java Heap base and to place the Java Heap above 32GB virtual address.
# This output file may be truncated or incomplete.
#
#  Out of Memory Error (memory/allocation.inline.hpp:61), pid=33076, tid=0x000000000000758c
#
# JRE version:  (8.0_192-b01) (build )
# Java VM: OpenJDK 64-Bit Server VM (25.192-b01 mixed mode windows-amd64 compressed oops)
# Failed to write core dump. Minidumps are not enabled by default on client versions of Windows
#

---------------  T H R E A D  ---------------

Current thread (0x0000000002df8800):  JavaThread "Unknown thread" [_thread_in_vm, id=30092, stack(0x0000000002cf0000,0x0000000002df0000)]

Stack: [0x0000000002cf0000,0x0000000002df0000]
[error occurred during error reporting (printing stack bounds), id 0xc0000005]

Native frames: (J=compiled Java code, j=interpreted, Vv=VM code, C=native code)


---------------  P R O C E S S  ---------------

Java Threads: ( => current thread )

Other Threads:

=>0x0000000002df8800 (exited) JavaThread "Unknown thread" [_thread_in_vm, id=30092, stack(0x0000000002cf0000,0x0000000002df0000)]

VM state:not at safepoint (normal execution)

VM Mutex/Monitor currently owned by a thread: None

heap address: 0x00000006c1600000, size: 4074 MB, Compressed Oops mode: Zero based, Oop shift amount: 3
Narrow klass base: 0x0000000000000000, Narrow klass shift: 3
Compressed class space size: 1073741824 Address: 0x00000007c0000000

Heap:
 PSYoungGen      total 76288K, used 1310K [0x000000076b200000, 0x0000000770700000, 0x00000007c0000000)
  eden space 65536K, 2% used [0x000000076b200000,0x000000076b347af0,0x000000076f200000)
  from space 10752K, 0% used [0x000000076fc80000,0x000000076fc80000,0x0000000770700000)
  to   space 10752K, 0% used [0x000000076f200000,0x000000076f200000,0x000000076fc80000)
 ParOldGen       total 175104K, used 0K [0x00000006c1600000, 0x00000006cc100000, 0x000000076b200000)
  object space 175104K, 0% used [0x00000006c1600000,0x00000006c1600000,0x00000006cc100000)
 Metaspace       used 777K, capacity 4480K, committed 4480K, reserved 1056768K
  class space    used 74K, capacity 384K, committed 384K, reserved 1048576K

Card table byte_map: [0x00000000122b0000,0x0000000012ab0000] byte_map_base: 0x000000000eca5000

Marking Bits: (ParMarkBitMap*) 0x000000006f78cf50
 Begin Bits: [0x0000000013800000, 0x00000000177a8000)
 End Bits:   [0x00000000177a8000, 0x000000001b750000)

Polling page: 0x00000000007f0000

CodeCache: size=245760Kb used=328Kb max_used=328Kb free=245431Kb
 bounds [0x0000000002ef0000, 0x0000000003160000, 0x0000000011ef0000]
 total_blobs=57 nmethods=0 adapters=38
 compilation: enabled

Compilation events (0 events):
No events

GC Heap History (0 events):
No events

Deoptimization events (0 events):
No events

Classes redefined (0 events):
No events

Internal exceptions (0 events):
No events

Events (10 events):
Event: 0.032 loading class java/lang/Short
Event: 0.032 loading class java/lang/Short done
Event: 0.032 loading class java/lang/Integer
Event: 0.032 loading class java/lang/Integer done
Event: 0.032 loading class java/lang/Long
Event: 0.032 loading class java/lang/Long done
Event: 0.033 loading class java/lang/NullPointerException
Event: 0.033 loading class java/lang/NullPointerException done
Event: 0.033 loading class java/lang/ArithmeticException
Event: 0.033 loading class java/lang/ArithmeticException done


Dynamic libraries:
0x00007ff7a7c70000 - 0x00007ff7a7ca5000 	C:\Program Files\Zulu\zulu-8\bin\javaw.exe
0x00007ffaeabe0000 - 0x00007ffaeadd0000 	C:\WINDOWS\SYSTEM32\ntdll.dll
0x00007ffaeaae0000 - 0x00007ffaeab92000 	C:\WINDOWS\System32\KERNEL32.DLL
0x00007ffae7f10000 - 0x00007ffae81b4000 	C:\WINDOWS\System32\KERNELBASE.dll
0x00007ffaea090000 - 0x00007ffaea133000 	C:\WINDOWS\System32\ADVAPI32.dll
0x00007ffaea220000 - 0x00007ffaea2be000 	C:\WINDOWS\System32\msvcrt.dll
0x00007ffae9100000 - 0x00007ffae9197000 	C:\WINDOWS\System32\sechost.dll
0x00007ffaea8e0000 - 0x00007ffaeaa00000 	C:\WINDOWS\System32\RPCRT4.dll
0x00007ffae9250000 - 0x00007ffae93e4000 	C:\WINDOWS\System32\USER32.dll
0x00007ffae81e0000 - 0x00007ffae8201000 	C:\WINDOWS\System32\win32u.dll
0x00007ffaea390000 - 0x00007ffaea3b6000 	C:\WINDOWS\System32\GDI32.dll
0x00007ffae7bc0000 - 0x00007ffae7d55000 	C:\WINDOWS\System32\gdi32full.dll
0x00007ffae8b70000 - 0x00007ffae8c0e000 	C:\WINDOWS\System32\msvcp_win.dll
0x00007ffae8240000 - 0x00007ffae833a000 	C:\WINDOWS\System32\ucrtbase.dll
0x00007ffad5880000 - 0x00007ffad5b04000 	C:\WINDOWS\WinSxS\amd64_microsoft.windows.common-controls_6595b64144ccf1df_6.0.18362.900_none_e6beb9d913147d17\COMCTL32.dll
0x00007ffaea3c0000 - 0x00007ffaea6f5000 	C:\WINDOWS\System32\combase.dll
0x00007ffae8c10000 - 0x00007ffae8c90000 	C:\WINDOWS\System32\bcryptPrimitives.dll
0x00007ffaea1f0000 - 0x00007ffaea21e000 	C:\WINDOWS\System32\IMM32.DLL
0x000000006eee0000 - 0x000000006efb2000 	C:\Program Files\Zulu\zulu-8\jre\bin\msvcr100.dll
0x000000006efc0000 - 0x000000006f80a000 	C:\Program Files\Zulu\zulu-8\jre\bin\server\jvm.dll
0x00007ffaea020000 - 0x00007ffaea028000 	C:\WINDOWS\System32\PSAPI.DLL
0x00007ffadf4f0000 - 0x00007ffadf514000 	C:\WINDOWS\SYSTEM32\WINMM.dll
0x00007ffae1dc0000 - 0x00007ffae1dca000 	C:\WINDOWS\SYSTEM32\VERSION.dll
0x00007ffad0a20000 - 0x00007ffad0a29000 	C:\WINDOWS\SYSTEM32\WSOCK32.dll
0x00007ffae9f50000 - 0x00007ffae9fbf000 	C:\WINDOWS\System32\WS2_32.dll
0x00007ffadf4c0000 - 0x00007ffadf4ed000 	C:\WINDOWS\SYSTEM32\WINMMBASE.dll
0x00007ffae7b70000 - 0x00007ffae7bba000 	C:\WINDOWS\System32\cfgmgr32.dll
0x00007ffae31a0000 - 0x00007ffae31af000 	C:\Program Files\Zulu\zulu-8\jre\bin\verify.dll
0x00007ffad91a0000 - 0x00007ffad91c9000 	C:\Program Files\Zulu\zulu-8\jre\bin\java.dll
0x00007ffad9180000 - 0x00007ffad9196000 	C:\Program Files\Zulu\zulu-8\jre\bin\zip.dll

VM Arguments:
jvm_args: -Dcom.sun.management.jmxremote -Dcom.sun.management.jmxremote.port=56006 -Dcom.sun.management.jmxremote.authenticate=false -Dcom.sun.management.jmxremote.ssl=false -Djava.rmi.server.hostname=localhost -Dspring.jmx.enabled=true -Dspring.liveBeansView.mbeanDomain -Dspring.application.admin.enabled=true -Xverify:none -XX:TieredStopAtLevel=1 -Dspring.boot.project.name=SubtitleToVideo -Dfile.encoding=UTF-8 
java_command: com.kwang.KwangApplication --spring.output.ansi.enabled=always
java_class_path (initial): C:\Users\user\Desktop\repo\SubtitleToVideo\target\classes;C:\Users\user\.m2\repository\com\google\cloud\google-cloud-speech\1.23.0\google-cloud-speech-1.23.0.jar;C:\Users\user\.m2\repository\com\google\api\grpc\proto-google-cloud-speech-v1p1beta1\0.76.0\proto-google-cloud-speech-v1p1beta1-0.76.0.jar;C:\Users\user\.m2\repository\com\google\api\grpc\proto-google-cloud-speech-v1\1.23.0\proto-google-cloud-speech-v1-1.23.0.jar;C:\Users\user\.m2\repository\com\google\api\api-common\1.9.0\api-common-1.9.0.jar;C:\Users\user\.m2\repository\com\google\code\findbugs\jsr305\3.0.2\jsr305-3.0.2.jar;C:\Users\user\.m2\repository\javax\annotation\javax.annotation-api\1.3.2\javax.annotation-api-1.3.2.jar;C:\Users\user\.m2\repository\com\google\auto\value\auto-value-annotations\1.7\auto-value-annotations-1.7.jar;C:\Users\user\.m2\repository\com\google\guava\guava\29.0-android\guava-29.0-android.jar;C:\Users\user\.m2\repository\com\google\guava\failureaccess\1.0.1\failureaccess-1.0.1.jar;C:\Users\user\.m2\repository\com\google\guava\listenablefuture\9999.0-empty-to-avoid-conflict-with-guava\listenablefuture-9999.0-empty-to-avoid-conflict-with-guava.jar;C:\Users\user\.m2\repository\org\checkerframework\checker-compat-qual\2.5.5\checker-compat-qual-2.5.5.jar;C:\Users\user\.m2\repository\com\google\errorprone\error_prone_annotations\2.3.4\error_prone_annotations-2.3.4.jar;C:\Users\user\.m2\repository\com\google\j2objc\j2objc-annotations\1.3\j2objc-annotations-1.3.jar;C:\Users\user\.m2\repository\io\grpc\grpc-api\1.29.0\grpc-api-1.29.0.jar;C:\Users\user\.m2\repository\io\grpc\grpc-context\1.29.0\grpc-context-1.29.0.jar;C:\Users\user\.m2\repository\org\codehaus\mojo\animal-sniffer-annotations\1.18\animal-sniffer-annotations-1.18.jar;C:\Users\user\.m2\repository\io\grpc\grpc-stub\1.29.0\grpc-stub-1.29.0.jar;C:\Users\user\.m2\repository\io\grpc\grpc-protobuf\1.29.0\grpc-protobuf-1.29.0.jar;C:\Users\user\.m2\repository\io\grpc\grpc-protobuf-lite\1.29.0\grpc-protobu
Launcher Type: SUN_STANDARD

Environment Variables:
JAVA_HOME=C:\Program Files\Zulu\zulu-8
JRE_HOME=C:\Program Files\Zulu\zulu-8\jre
CLASSPATH=C:\Program Files\Zulu\zulu-8\lib
PATH=C:/Program Files/Zulu/zulu-8/bin/../jre/bin/server;C:/Program Files/Zulu/zulu-8/bin/../jre/bin;C:/Program Files/Zulu/zulu-8/bin/../jre/lib/amd64;C:\Program Files (x86)\NetSarang\Xshell 6\;C:\Program Files\Zulu\zulu-8\bin\;C:\Program Files (x86)\Intel\iCLS Client\;C:\Program Files\Intel\iCLS Client\;C:\Windows\system32;C:\Windows;C:\Windows\System32\Wbem;C:\Windows\System32\WindowsPowerShell\v1.0\;C:\Program Files (x86)\NVIDIA Corporation\PhysX\Common;C:\Program Files (x86)\Intel\Intel(R) Management Engine Components\DAL;C:\Program Files\Intel\Intel(R) Management Engine Components\DAL;C:\Program Files (x86)\Intel\Intel(R) Management Engine Components\IPT;C:\Program Files\Intel\Intel(R) Management Engine Components\IPT;C:\WINDOWS\system32;C:\WINDOWS;C:\WINDOWS\System32\Wbem;C:\WINDOWS\System32\WindowsPowerShell\v1.0\;C:\Program Files\Git\cmd;C:\WINDOWS\System32\OpenSSH\;C:\Users\user\AppData\Roaming\Microsoft\Windows\Start Menu\Programs\Python 3.7\;C:\Program Files (x86)\Common Files\Adobe\AGL;C:\java\Server\apache-tomcat-9.0.31\bin;C:\Program Files\nodejs\;C:\Program Files\PuTTY\;C:\Program Files\MySQL\MySQL Shell 8.0\bin\;C:\Program Files\Zulu\zulu-8\bin;C:\Users\user\AppData\Local\Programs\Python\Python37-32\Scripts\;C:\Users\user\AppData\Local\Programs\Python\Python37-32\;C:\Users\user\AppData\Local\Microsoft\WindowsApps;C:\Users\user\AppData\Local\Programs\Microsoft VS Code\bin;C:\Program Files\Bandizip\;C:\java\Server\apache-tomcat-9.0.31\bin;C:\Users\user\AppData\Roaming\npm;C:\Users\user\AppData\Local\Google\Cloud SDK\google-cloud-sdk\bin;D:\ffmpeg-20200628-4cfcfb3-win64-static\bin;;C:\java\sts-3.9.12.RELEASE;
USERNAME=user
OS=Windows_NT
PROCESSOR_IDENTIFIER=Intel64 Family 6 Model 158 Stepping 9, GenuineIntel



---------------  S Y S T E M  ---------------

OS: Windows 10.0 , 64 bit Build 18362 (10.0.18362.900)

CPU:total 8 (initial active 8) (4 cores per cpu, 2 threads per core) family 6 model 158 stepping 9, cmov, cx8, fxsr, mmx, sse, sse2, sse3, ssse3, sse4.1, sse4.2, popcnt, avx, avx2, aes, clmul, erms, 3dnowpref, lzcnt, ht, tsc, tscinvbit, bmi1, bmi2, adx

Memory: 4k page, physical 16686464k(7383472k free), swap 47770320k(5632k free)

vm_info: OpenJDK 64-Bit Server VM (25.192-b01) for windows-amd64 JRE (1.8.0_192-b01), built on Oct 17 2018 09:53:48 by "tester" with MS VC++ 10.0 (VS2010)

time: Thu Jul 09 09:58:22 2020
timezone: 대한민국 표준시
elapsed time: 0 seconds (0d 0h 0m 0s)

